<?xml version="1.0" encoding="UTF-8"?>
<robot generator="Robot 4.1.3 (Python 3.10.2 on win32)" generated="20220216 15:15:21.503" rpa="false" schemaversion="2">
<suite id="s1" name="Login" source="C:\RobotXpert\tests\login.robot">
<test id="s1-t1" name="Teste de cadastro sem email">
<kw name="Acess to Login Page" library="auth">
<kw name="New Browser" library="Browser">
<arg>chromium</arg>
<arg>False</arg>
<tag>BrowserControl</tag>
<tag>Setter</tag>
<doc>Create a new playwright Browser with specified options.</doc>
<msg timestamp="20220216 15:15:22.222" level="INFO">{"browser": "chromium", "headless": false, "handleSIGINT": true, "handleSIGTERM": true, "handleSIGHUP": true, "timeout": 30000.0, "devtools": false, "slowMo": 0.0, "tracesDir": "C:\\RobotXpert\\logs\\browser\\traces\\29a8aa9d-9011-4045-9f8f-772cca80e17b"}</msg>
<msg timestamp="20220216 15:15:22.683" level="INFO">Successfully created browser with options: {"browser":"chromium","headless":false,"handleSIGINT":true,"handleSIGTERM":true,"handleSIGHUP":true,"timeout":30000,"devtools":false,"slowMo":0,"tracesDir":"C:\\RobotXpert\\logs\\browser\\traces\\29a8aa9d-9011-4045-9f8f-772cca80e17b"}</msg>
<status status="PASS" starttime="20220216 15:15:22.222" endtime="20220216 15:15:22.683"/>
</kw>
<kw name="New Page" library="Browser">
<arg>http://automationpractice.com/index.php?controller=authentication&amp;back=my-account</arg>
<tag>BrowserControl</tag>
<tag>Setter</tag>
<doc>Open a new Page.</doc>
<msg timestamp="20220216 15:15:25.621" level="INFO">Successfully initialized new page object and opened url: http://automationpractice.com/index.php?controller=authentication&amp;back=my-account</msg>
<msg timestamp="20220216 15:15:25.621" level="INFO">No context was open. New context was automatically opened when this page is created.</msg>
<status status="PASS" starttime="20220216 15:15:22.683" endtime="20220216 15:15:25.621"/>
</kw>
<status status="PASS" starttime="20220216 15:15:22.222" endtime="20220216 15:15:25.621"/>
</kw>
<kw name="Click" library="Browser">
<arg>id=SubmitCreate</arg>
<tag>PageContent</tag>
<tag>Setter</tag>
<doc>Simulates mouse click on the element found by ``selector``.</doc>
<status status="PASS" starttime="20220216 15:15:25.622" endtime="20220216 15:15:25.695"/>
</kw>
<kw name="Invalid email Text Should Be" library="auth">
<arg>Invalid email address.</arg>
<kw name="Get Text" library="Browser">
<arg>css= .alert ol li</arg>
<arg>should be</arg>
<arg>${expect_text}</arg>
<tag>Assertion</tag>
<tag>Getter</tag>
<tag>PageContent</tag>
<doc>Returns text attribute of the element found by ``selector``.</doc>
<status status="PASS" starttime="20220216 15:15:25.695" endtime="20220216 15:15:26.290"/>
</kw>
<status status="PASS" starttime="20220216 15:15:25.695" endtime="20220216 15:15:26.290"/>
</kw>
<status status="PASS" starttime="20220216 15:15:22.219" endtime="20220216 15:15:26.291"/>
</test>
<test id="s1-t2" name="Teste de cadastro com email correto">
<kw name="Acess to Login Page" library="auth">
<kw name="New Browser" library="Browser">
<arg>chromium</arg>
<arg>False</arg>
<tag>BrowserControl</tag>
<tag>Setter</tag>
<doc>Create a new playwright Browser with specified options.</doc>
<msg timestamp="20220216 15:15:26.339" level="INFO">{"browser": "chromium", "headless": false, "handleSIGINT": true, "handleSIGTERM": true, "handleSIGHUP": true, "timeout": 30000.0, "devtools": false, "slowMo": 0.0, "tracesDir": "C:\\RobotXpert\\logs\\browser\\traces\\ef71a723-48c3-46ca-aac4-96f9e72756d8"}</msg>
<msg timestamp="20220216 15:15:26.838" level="INFO">Successfully created browser with options: {"browser":"chromium","headless":false,"handleSIGINT":true,"handleSIGTERM":true,"handleSIGHUP":true,"timeout":30000,"devtools":false,"slowMo":0,"tracesDir":"C:\\RobotXpert\\logs\\browser\\traces\\ef71a723-48c3-46ca-aac4-96f9e72756d8"}</msg>
<status status="PASS" starttime="20220216 15:15:26.338" endtime="20220216 15:15:26.838"/>
</kw>
<kw name="New Page" library="Browser">
<arg>http://automationpractice.com/index.php?controller=authentication&amp;back=my-account</arg>
<tag>BrowserControl</tag>
<tag>Setter</tag>
<doc>Open a new Page.</doc>
<msg timestamp="20220216 15:15:29.526" level="INFO">Successfully initialized new page object and opened url: http://automationpractice.com/index.php?controller=authentication&amp;back=my-account</msg>
<msg timestamp="20220216 15:15:29.526" level="INFO">No context was open. New context was automatically opened when this page is created.</msg>
<status status="PASS" starttime="20220216 15:15:26.838" endtime="20220216 15:15:29.526"/>
</kw>
<status status="PASS" starttime="20220216 15:15:26.338" endtime="20220216 15:15:29.527"/>
</kw>
<kw name="Login With" library="auth">
<arg>fernandovas0603@gmail.com</arg>
<kw name="Fill Text" library="Browser">
<arg>css=input[name=email_create]</arg>
<arg>${email}</arg>
<tag>PageContent</tag>
<tag>Setter</tag>
<doc>Clears and fills the given ``txt`` into the text field found by ``selector``.</doc>
<msg timestamp="20220216 15:15:29.528" level="INFO">Fills the text 'fernandovas0603@gmail.com' in the given field.</msg>
<status status="PASS" starttime="20220216 15:15:29.527" endtime="20220216 15:15:29.555"/>
</kw>
<kw name="Click" library="Browser">
<arg>id=SubmitCreate</arg>
<tag>PageContent</tag>
<tag>Setter</tag>
<doc>Simulates mouse click on the element found by ``selector``.</doc>
<status status="PASS" starttime="20220216 15:15:29.556" endtime="20220216 15:15:29.616"/>
</kw>
<status status="PASS" starttime="20220216 15:15:29.527" endtime="20220216 15:15:29.616"/>
</kw>
<kw name="Sleep" library="BuiltIn">
<arg>5</arg>
<doc>Pauses the test executed for the given time.</doc>
<msg timestamp="20220216 15:15:34.630" level="INFO">Slept 5 seconds</msg>
<status status="PASS" starttime="20220216 15:15:29.616" endtime="20220216 15:15:34.630"/>
</kw>
<kw name="Register Page Text Should Be" library="auth">
<arg>CREATE AN ACCOUNT</arg>
<kw name="Get Text" library="Browser">
<arg>css= .page-heading</arg>
<arg>should be</arg>
<arg>${expect_page}</arg>
<tag>Assertion</tag>
<tag>Getter</tag>
<tag>PageContent</tag>
<doc>Returns text attribute of the element found by ``selector``.</doc>
<status status="PASS" starttime="20220216 15:15:34.631" endtime="20220216 15:15:34.647"/>
</kw>
<status status="PASS" starttime="20220216 15:15:34.631" endtime="20220216 15:15:34.647"/>
</kw>
<status status="PASS" starttime="20220216 15:15:26.336" endtime="20220216 15:15:34.647"/>
</test>
<doc>Teste de Login</doc>
<status status="PASS" starttime="20220216 15:15:21.504" endtime="20220216 15:15:34.688"/>
</suite>
<statistics>
<total>
<stat pass="2" fail="0" skip="0">All Tests</stat>
</total>
<tag>
</tag>
<suite>
<stat pass="2" fail="0" skip="0" id="s1" name="Login">Login</stat>
</suite>
</statistics>
<errors>
</errors>
</robot>
